#
# There is insufficient memory for the Java Runtime Environment to continue.
# Native memory allocation (malloc) failed to allocate 131088 bytes for Chunk::new
# Possible reasons:
#   The system is out of physical RAM or swap space
#   The process is running with CompressedOops enabled, and the Java Heap may be blocking the growth of the native heap
# Possible solutions:
#   Reduce memory load on the system
#   Increase physical memory or swap space
#   Check if swap backing store is full
#   Decrease Java heap size (-Xmx/-Xms)
#   Decrease number of Java threads
#   Decrease Java thread stack sizes (-Xss)
#   Set larger code cache with -XX:ReservedCodeCacheSize=
#   JVM is running with Unscaled Compressed Oops mode in which the Java heap is
#     placed in the first 4GB address space. The Java Heap base address is the
#     maximum limit for the native heap growth. Please use -XX:HeapBaseMinAddress
#     to set the Java Heap base and to place the Java Heap above 4GB virtual address.
# This output file may be truncated or incomplete.
#
#  Out of Memory Error (allocation.cpp:389), pid=16120, tid=0x0000000000002954
#
# JRE version: OpenJDK Runtime Environment (8.0_242-b01) (build 1.8.0_242-release-1644-b01)
# Java VM: OpenJDK 64-Bit Server VM (25.242-b01 mixed mode windows-amd64 compressed oops)
# Failed to write core dump. Minidumps are not enabled by default on client versions of Windows
#

---------------  T H R E A D  ---------------

Current thread (0x0000000017eed800):  JavaThread "C2 CompilerThread1" daemon [_thread_in_native, id=10580, stack(0x00000000198e0000,0x00000000199e0000)]

Stack: [0x00000000198e0000,0x00000000199e0000]
[error occurred during error reporting (printing stack bounds), id 0xc0000005]

Native frames: (J=compiled Java code, j=interpreted, Vv=VM code, C=native code)


Current CompileTask:
C2:  32025 5647       4       java.net.URLClassLoader$1::run (5 bytes)


---------------  P R O C E S S  ---------------

Java Threads: ( => current thread )
  0x0000000020e38000 JavaThread "Cache worker for execution history cache (C:\Users\rkdal\AndroidStudioProjects2\SleepDog\.gradle\6.1.1\executionHistory)" [_thread_blocked, id=1872, stack(0x0000000024ee0000,0x0000000024fe0000)]
  0x0000000020e35000 JavaThread "Cache worker for Build Output Cleanup Cache (C:\Users\rkdal\AndroidStudioProjects2\SleepDog\.gradle\buildOutputCleanup)" [_thread_blocked, id=15004, stack(0x0000000023e00000,0x0000000023f00000)]
  0x0000000020e2d800 JavaThread "pool-1-thread-1" [_thread_blocked, id=19364, stack(0x0000000023900000,0x0000000023a00000)]
  0x0000000020e34000 JavaThread "Build operations Thread 4" [_thread_blocked, id=14540, stack(0x0000000023600000,0x0000000023700000)]
  0x0000000020e33800 JavaThread "Build operations Thread 3" [_thread_blocked, id=9208, stack(0x0000000023500000,0x0000000023600000)]
  0x0000000020e2f000 JavaThread "Build operations Thread 2" [_thread_blocked, id=2536, stack(0x0000000023400000,0x0000000023500000)]
  0x0000000020e32800 JavaThread "Build operations" [_thread_blocked, id=22320, stack(0x0000000023300000,0x0000000023400000)]
  0x000000001b444000 JavaThread "Cache worker for execution history cache (C:\Users\rkdal\AndroidStudioProjects\test2\gradle\wrapper\caches\6.1.1\executionHistory)" [_thread_blocked, id=27100, stack(0x0000000021430000,0x0000000021530000)]
  0x000000001b442800 JavaThread "Cache worker for cache directory md-rule (C:\Users\rkdal\AndroidStudioProjects\test2\gradle\wrapper\caches\6.1.1\md-rule)" [_thread_blocked, id=24584, stack(0x0000000021330000,0x0000000021430000)]
  0x000000001b445000 JavaThread "Cache worker for cache directory md-supplier (C:\Users\rkdal\AndroidStudioProjects\test2\gradle\wrapper\caches\6.1.1\md-supplier)" [_thread_blocked, id=15696, stack(0x00000000201b0000,0x00000000202b0000)]
  0x000000001b441000 JavaThread "Cache worker for file hash cache (C:\Users\rkdal\AndroidStudioProjects2\SleepDog\.gradle\6.1.1\fileHashes)" [_thread_blocked, id=1000, stack(0x000000001fcb0000,0x000000001fdb0000)]
  0x000000001b443800 JavaThread "Cache worker for checksums cache (C:\Users\rkdal\AndroidStudioProjects2\SleepDog\.gradle\checksums)" [_thread_blocked, id=19360, stack(0x000000001fbb0000,0x000000001fcb0000)]
  0x000000001b445800 JavaThread "Cache worker for file hash cache (C:\Users\rkdal\AndroidStudioProjects\test2\gradle\wrapper\caches\6.1.1\fileHashes)" [_thread_blocked, id=24168, stack(0x000000001e690000,0x000000001e790000)]
  0x000000001b442000 JavaThread "File lock request listener" [_thread_in_native, id=23388, stack(0x000000001e8e0000,0x000000001e9e0000)]
  0x000000001b440800 JavaThread "Cache worker for journal cache (C:\Users\rkdal\AndroidStudioProjects\test2\gradle\wrapper\caches\journal-1)" [_thread_in_native, id=17072, stack(0x000000001e590000,0x000000001e690000)]
  0x000000001b1d4000 JavaThread "Thread-9" [_thread_blocked, id=4392, stack(0x000000001c2f0000,0x000000001c3f0000)]
  0x000000001b1d1800 JavaThread "Stdin handler" [_thread_blocked, id=28408, stack(0x000000001c1f0000,0x000000001c2f0000)]
  0x000000001b14c000 JavaThread "Asynchronous log dispatcher for DefaultDaemonConnection: socket connection from /127.0.0.1:12895 to /127.0.0.1:12896" [_thread_blocked, id=23992, stack(0x000000001c0f0000,0x000000001c1f0000)]
  0x000000001a8e8800 JavaThread "Daemon worker" [_thread_in_native, id=22256, stack(0x000000001bff0000,0x000000001c0f0000)]
  0x000000001a53d800 JavaThread "Cancel handler" [_thread_blocked, id=2740, stack(0x000000001bef0000,0x000000001bff0000)]
  0x000000001a812000 JavaThread "Handler for socket connection from /127.0.0.1:12895 to /127.0.0.1:12896" [_thread_in_native, id=17256, stack(0x000000001bdf0000,0x000000001bef0000)]
  0x000000001a56d000 JavaThread "Daemon" [_thread_blocked, id=3656, stack(0x000000001baf0000,0x000000001bbf0000)]
  0x000000001a7b3000 JavaThread "Daemon periodic checks" [_thread_blocked, id=25792, stack(0x000000001b9f0000,0x000000001baf0000)]
  0x00000000194d1800 JavaThread "Incoming local TCP Connector on port 12895" [_thread_in_native, id=27316, stack(0x000000001b810000,0x000000001b910000)]
  0x00000000195a9800 JavaThread "Daemon health stats" [_thread_blocked, id=26620, stack(0x000000001b710000,0x000000001b810000)]
  0x000000001925b800 JavaThread "Service Thread" daemon [_thread_blocked, id=17980, stack(0x0000000019ae0000,0x0000000019be0000)]
  0x0000000019245800 JavaThread "C1 CompilerThread2" daemon [_thread_in_native, id=23312, stack(0x00000000199e0000,0x0000000019ae0000)]
=>0x0000000017eed800 JavaThread "C2 CompilerThread1" daemon [_thread_in_native, id=10580, stack(0x00000000198e0000,0x00000000199e0000)]
  0x0000000017eea000 JavaThread "C2 CompilerThread0" daemon [_thread_in_native, id=26212, stack(0x00000000197e0000,0x00000000198e0000)]
  0x0000000017e9f000 JavaThread "Attach Listener" daemon [_thread_blocked, id=7912, stack(0x00000000196e0000,0x00000000197e0000)]
  0x00000000191e8800 JavaThread "Signal Dispatcher" daemon [_thread_blocked, id=26600, stack(0x00000000195e0000,0x00000000196e0000)]
  0x000000000326b800 JavaThread "Finalizer" daemon [_thread_blocked, id=24012, stack(0x00000000190e0000,0x00000000191e0000)]
  0x0000000017e79000 JavaThread "Reference Handler" daemon [_thread_blocked, id=10772, stack(0x0000000018fe0000,0x00000000190e0000)]
  0x0000000003172800 JavaThread "main" [_thread_blocked, id=22124, stack(0x0000000002c90000,0x0000000002d90000)]

Other Threads:
  0x0000000017e57000 VMThread [stack: 0x0000000018ee0000,0x0000000018fe0000] [id=9912]
  0x000000001925d000 WatcherThread [stack: 0x0000000019be0000,0x0000000019ce0000] [id=10024]

VM state:not at safepoint (normal execution)

VM Mutex/Monitor currently owned by a thread: None

heap address: 0x0000000080000000, size: 2048 MB, Compressed Oops mode: 32-bit
Narrow klass base: 0x0000000000000000, Narrow klass shift: 3
Compressed class space size: 1073741824 Address: 0x0000000100000000

Heap:
 PSYoungGen      total 190464K, used 59872K [0x00000000d5580000, 0x00000000e3a80000, 0x0000000100000000)
  eden space 178688K, 33% used [0x00000000d5580000,0x00000000d8ff8150,0x00000000e0400000)
  from space 11776K, 0% used [0x00000000e2f00000,0x00000000e2f00000,0x00000000e3a80000)
  to   space 15360K, 0% used [0x00000000e1c80000,0x00000000e1c80000,0x00000000e2b80000)
 ParOldGen       total 110592K, used 32303K [0x0000000080000000, 0x0000000086c00000, 0x00000000d5580000)
  object space 110592K, 29% used [0x0000000080000000,0x0000000081f8be28,0x0000000086c00000)
 Metaspace       used 60013K, capacity 62416K, committed 62488K, reserved 1103872K
  class space    used 8179K, capacity 8708K, committed 8744K, reserved 1048576K

Card table byte_map: [0x0000000012630000,0x0000000012a40000] byte_map_base: 0x0000000012230000

Marking Bits: (ParMarkBitMap*) 0x000000006fbbf030
 Begin Bits: [0x00000000130f0000, 0x00000000150f0000)
 End Bits:   [0x00000000150f0000, 0x00000000170f0000)

Polling page: 0x0000000001360000

CodeCache: size=245760Kb used=18814Kb max_used=18984Kb free=226946Kb
 bounds [0x0000000003270000, 0x0000000004510000, 0x0000000012270000]
 total_blobs=6098 nmethods=5297 adapters=713
 compilation: enabled

Compilation events (10 events):
Event: 32.013 Thread 0x0000000019245800 5691       3       java.lang.invoke.InfoFromMemberName::<init> (65 bytes)
Event: 32.013 Thread 0x0000000019245800 nmethod 5691 0x00000000039447d0 code [0x0000000003944940, 0x0000000003944b30]
Event: 32.016 Thread 0x0000000019245800 5692       3       sun.nio.fs.WindowsPathParser::isSlash (18 bytes)
Event: 32.017 Thread 0x0000000019245800 nmethod 5692 0x000000000358af50 code [0x000000000358b0a0, 0x000000000358b270]
Event: 32.018 Thread 0x0000000019245800 5693       3       sun.nio.fs.WindowsPath::toAbsolutePath (5 bytes)
Event: 32.018 Thread 0x0000000019245800 nmethod 5693 0x0000000003c94b90 code [0x0000000003c94d00, 0x0000000003c94f08]
Event: 32.018 Thread 0x0000000019245800 5694   !   3       sun.nio.fs.WindowsPath::toAbsolutePath (55 bytes)
Event: 32.020 Thread 0x0000000019245800 nmethod 5694 0x000000000342d810 code [0x000000000342da00, 0x000000000342e218]
Event: 32.020 Thread 0x0000000019245800 5695       3       org.gradle.internal.resolve.result.DefaultBuildableModuleComponentMetaDataResolveResult::assertHasResult (18 bytes)
Event: 32.020 Thread 0x0000000019245800 nmethod 5695 0x0000000003388b90 code [0x0000000003388d20, 0x0000000003389068]

GC Heap History (10 events):
Event: 22.151 GC heap before
{Heap before GC invocations=9 (full 2):
 PSYoungGen      total 139776K, used 12258K [0x00000000d5580000, 0x00000000e3d00000, 0x0000000100000000)
  eden space 127488K, 0% used [0x00000000d5580000,0x00000000d5580000,0x00000000dd200000)
  from space 12288K, 99% used [0x00000000dd200000,0x00000000dddf88e0,0x00000000dde00000)
  to   space 14336K, 0% used [0x00000000e2f00000,0x00000000e2f00000,0x00000000e3d00000)
 ParOldGen       total 54272K, used 8922K [0x0000000080000000, 0x0000000083500000, 0x00000000d5580000)
  object space 54272K, 16% used [0x0000000080000000,0x00000000808b6938,0x0000000083500000)
 Metaspace       used 34428K, capacity 35406K, committed 35496K, reserved 1079296K
  class space    used 4681K, capacity 4948K, committed 5032K, reserved 1048576K
Event: 22.327 GC heap after
Heap after GC invocations=9 (full 2):
 PSYoungGen      total 139776K, used 0K [0x00000000d5580000, 0x00000000e3d00000, 0x0000000100000000)
  eden space 127488K, 0% used [0x00000000d5580000,0x00000000d5580000,0x00000000dd200000)
  from space 12288K, 0% used [0x00000000dd200000,0x00000000dd200000,0x00000000dde00000)
  to   space 14336K, 0% used [0x00000000e2f00000,0x00000000e2f00000,0x00000000e3d00000)
 ParOldGen       total 89088K, used 20183K [0x0000000080000000, 0x0000000085700000, 0x00000000d5580000)
  object space 89088K, 22% used [0x0000000080000000,0x00000000813b5c00,0x0000000085700000)
 Metaspace       used 34428K, capacity 35406K, committed 35496K, reserved 1079296K
  class space    used 4681K, capacity 4948K, committed 5032K, reserved 1048576K
}
Event: 25.823 GC heap before
{Heap before GC invocations=10 (full 2):
 PSYoungGen      total 139776K, used 127488K [0x00000000d5580000, 0x00000000e3d00000, 0x0000000100000000)
  eden space 127488K, 100% used [0x00000000d5580000,0x00000000dd200000,0x00000000dd200000)
  from space 12288K, 0% used [0x00000000dd200000,0x00000000dd200000,0x00000000dde00000)
  to   space 14336K, 0% used [0x00000000e2f00000,0x00000000e2f00000,0x00000000e3d00000)
 ParOldGen       total 89088K, used 20183K [0x0000000080000000, 0x0000000085700000, 0x00000000d5580000)
  object space 89088K, 22% used [0x0000000080000000,0x00000000813b5c00,0x0000000085700000)
 Metaspace       used 42013K, capacity 43694K, committed 44072K, reserved 1087488K
  class space    used 5725K, capacity 6090K, committed 6184K, reserved 1048576K
Event: 25.877 GC heap after
Heap after GC invocations=10 (full 2):
 PSYoungGen      total 190464K, used 11670K [0x00000000d5580000, 0x00000000e3a80000, 0x0000000100000000)
  eden space 178688K, 0% used [0x00000000d5580000,0x00000000d5580000,0x00000000e0400000)
  from space 11776K, 99% used [0x00000000e2f00000,0x00000000e3a65980,0x00000000e3a80000)
  to   space 15360K, 0% used [0x00000000e1c80000,0x00000000e1c80000,0x00000000e2b80000)
 ParOldGen       total 89088K, used 20191K [0x0000000080000000, 0x0000000085700000, 0x00000000d5580000)
  object space 89088K, 22% used [0x0000000080000000,0x00000000813b7c00,0x0000000085700000)
 Metaspace       used 42013K, capacity 43694K, committed 44072K, reserved 1087488K
  class space    used 5725K, capacity 6090K, committed 6184K, reserved 1048576K
}
Event: 30.643 GC heap before
{Heap before GC invocations=11 (full 2):
 PSYoungGen      total 190464K, used 190358K [0x00000000d5580000, 0x00000000e3a80000, 0x0000000100000000)
  eden space 178688K, 100% used [0x00000000d5580000,0x00000000e0400000,0x00000000e0400000)
  from space 11776K, 99% used [0x00000000e2f00000,0x00000000e3a65980,0x00000000e3a80000)
  to   space 15360K, 0% used [0x00000000e1c80000,0x00000000e1c80000,0x00000000e2b80000)
 ParOldGen       total 89088K, used 20191K [0x0000000080000000, 0x0000000085700000, 0x00000000d5580000)
  object space 89088K, 22% used [0x0000000080000000,0x00000000813b7c00,0x0000000085700000)
 Metaspace       used 56918K, capacity 59102K, committed 59160K, reserved 1099776K
  class space    used 7706K, capacity 8193K, committed 8232K, reserved 1048576K
Event: 30.695 GC heap after
Heap after GC invocations=11 (full 2):
 PSYoungGen      total 194048K, used 15356K [0x00000000d5580000, 0x00000000e3a80000, 0x0000000100000000)
  eden space 178688K, 0% used [0x00000000d5580000,0x00000000d5580000,0x00000000e0400000)
  from space 15360K, 99% used [0x00000000e1c80000,0x00000000e2b7f320,0x00000000e2b80000)
  to   space 11776K, 0% used [0x00000000e2f00000,0x00000000e2f00000,0x00000000e3a80000)
 ParOldGen       total 89088K, used 32345K [0x0000000080000000, 0x0000000085700000, 0x00000000d5580000)
  object space 89088K, 36% used [0x0000000080000000,0x0000000081f96448,0x0000000085700000)
 Metaspace       used 56918K, capacity 59102K, committed 59160K, reserved 1099776K
  class space    used 7706K, capacity 8193K, committed 8232K, reserved 1048576K
}
Event: 30.713 GC heap before
{Heap before GC invocations=12 (full 2):
 PSYoungGen      total 194048K, used 18708K [0x00000000d5580000, 0x00000000e3a80000, 0x0000000100000000)
  eden space 178688K, 1% used [0x00000000d5580000,0x00000000d58c5f00,0x00000000e0400000)
  from space 15360K, 99% used [0x00000000e1c80000,0x00000000e2b7f320,0x00000000e2b80000)
  to   space 11776K, 0% used [0x00000000e2f00000,0x00000000e2f00000,0x00000000e3a80000)
 ParOldGen       total 89088K, used 32345K [0x0000000080000000, 0x0000000085700000, 0x00000000d5580000)
  object space 89088K, 36% used [0x0000000080000000,0x0000000081f96448,0x0000000085700000)
 Metaspace       used 56926K, capacity 59104K, committed 59160K, reserved 1099776K
  class space    used 7707K, capacity 8194K, committed 8232K, reserved 1048576K
Event: 30.742 GC heap after
Heap after GC invocations=12 (full 2):
 PSYoungGen      total 190464K, used 11764K [0x00000000d5580000, 0x00000000e3a80000, 0x0000000100000000)
  eden space 178688K, 0% used [0x00000000d5580000,0x00000000d5580000,0x00000000e0400000)
  from space 11776K, 99% used [0x00000000e2f00000,0x00000000e3a7d320,0x00000000e3a80000)
  to   space 15360K, 0% used [0x00000000e1c80000,0x00000000e1c80000,0x00000000e2b80000)
 ParOldGen       total 89088K, used 35889K [0x0000000080000000, 0x0000000085700000, 0x00000000d5580000)
  object space 89088K, 40% used [0x0000000080000000,0x000000008230c4f8,0x0000000085700000)
 Metaspace       used 56926K, capacity 59104K, committed 59160K, reserved 1099776K
  class space    used 7707K, capacity 8194K, committed 8232K, reserved 1048576K
}
Event: 30.742 GC heap before
{Heap before GC invocations=13 (full 3):
 PSYoungGen      total 190464K, used 11764K [0x00000000d5580000, 0x00000000e3a80000, 0x0000000100000000)
  eden space 178688K, 0% used [0x00000000d5580000,0x00000000d5580000,0x00000000e0400000)
  from space 11776K, 99% used [0x00000000e2f00000,0x00000000e3a7d320,0x00000000e3a80000)
  to   space 15360K, 0% used [0x00000000e1c80000,0x00000000e1c80000,0x00000000e2b80000)
 ParOldGen       total 89088K, used 35889K [0x0000000080000000, 0x0000000085700000, 0x00000000d5580000)
  object space 89088K, 40% used [0x0000000080000000,0x000000008230c4f8,0x0000000085700000)
 Metaspace       used 56926K, capacity 59104K, committed 59160K, reserved 1099776K
  class space    used 7707K, capacity 8194K, committed 8232K, reserved 1048576K
Event: 31.069 GC heap after
Heap after GC invocations=13 (full 3):
 PSYoungGen      total 190464K, used 0K [0x00000000d5580000, 0x00000000e3a80000, 0x0000000100000000)
  eden space 178688K, 0% used [0x00000000d5580000,0x00000000d5580000,0x00000000e0400000)
  from space 11776K, 0% used [0x00000000e2f00000,0x00000000e2f00000,0x00000000e3a80000)
  to   space 15360K, 0% used [0x00000000e1c80000,0x00000000e1c80000,0x00000000e2b80000)
 ParOldGen       total 110592K, used 32303K [0x0000000080000000, 0x0000000086c00000, 0x00000000d5580000)
  object space 110592K, 29% used [0x0000000080000000,0x0000000081f8be28,0x0000000086c00000)
 Metaspace       used 56917K, capacity 59074K, committed 59160K, reserved 1099776K
  class space    used 7704K, capacity 8189K, committed 8232K, reserved 1048576K
}

Deoptimization events (10 events):
Event: 31.741 Thread 0x000000001a8e8800 Uncommon trap: reason=unstable_if action=reinterpret pc=0x0000000003ddc728 method=com.esotericsoftware.kryo.io.Input.readString()Ljava/lang/String; @ 28
Event: 31.742 Thread 0x000000001a8e8800 Uncommon trap: reason=unstable_if action=reinterpret pc=0x0000000003d32e78 method=com.esotericsoftware.kryo.io.Input.require(I)I @ 65
Event: 31.783 Thread 0x000000001a8e8800 Uncommon trap: reason=speculate_class_check action=maybe_recompile pc=0x0000000003daffe8 method=com.google.common.collect.AbstractIndexedListIterator.next()Ljava/lang/Object; @ 27
Event: 31.784 Thread 0x000000001a8e8800 Uncommon trap: reason=speculate_class_check action=maybe_recompile pc=0x0000000003daffe8 method=com.google.common.collect.AbstractIndexedListIterator.next()Ljava/lang/Object; @ 27
Event: 31.784 Thread 0x000000001a8e8800 Uncommon trap: reason=speculate_class_check action=maybe_recompile pc=0x0000000003daffe8 method=com.google.common.collect.AbstractIndexedListIterator.next()Ljava/lang/Object; @ 27
Event: 31.784 Thread 0x000000001a8e8800 Uncommon trap: reason=speculate_class_check action=maybe_recompile pc=0x0000000003daffe8 method=com.google.common.collect.AbstractIndexedListIterator.next()Ljava/lang/Object; @ 27
Event: 31.799 Thread 0x0000000020e30800 Uncommon trap: reason=class_check action=maybe_recompile pc=0x000000000433219c method=java.util.Collections$SetFromMap.add(Ljava/lang/Object;)Z @ 8
Event: 31.867 Thread 0x0000000020e30800 Uncommon trap: reason=class_check action=maybe_recompile pc=0x000000000433219c method=java.util.Collections$SetFromMap.add(Ljava/lang/Object;)Z @ 8
Event: 31.870 Thread 0x000000001a8e8800 Uncommon trap: reason=null_check action=make_not_entrant pc=0x0000000003493e68 method=java.lang.ThreadLocal$ThreadLocalMap.getEntryAfterMiss(Ljava/lang/ThreadLocal;ILjava/lang/ThreadLocal$ThreadLocalMap$Entry;)Ljava/lang/ThreadLocal$ThreadLocalMap$Entry; 
Event: 31.878 Thread 0x000000001a8e8800 Uncommon trap: reason=class_check action=maybe_recompile pc=0x0000000003e3bc58 method=java.util.regex.Matcher.search(I)Z @ 86

Classes redefined (0 events):
No events

Internal exceptions (10 events):
Event: 31.869 Thread 0x000000001b1d4000 Exception <a 'java/lang/NoSuchMethodError': <clinit>> (0x00000000d8654168) thrown at [C:\src\AOSP-openjdk-git\hotspot\src\share\vm\prims\jni.cpp, line 1615]
Event: 31.870 Thread 0x000000001a8e8800 Implicit null exception at 0x00000000034939b8 to 0x0000000003493e49
Event: 31.890 Thread 0x000000001a8e8800 Exception <a 'java/lang/NoSuchMethodError': <clinit>> (0x00000000d814f520) thrown at [C:\src\AOSP-openjdk-git\hotspot\src\share\vm\prims\jni.cpp, line 1615]
Event: 31.901 Thread 0x000000001a8e8800 Exception <a 'java/lang/NoSuchMethodError': <clinit>> (0x00000000d8695090) thrown at [C:\src\AOSP-openjdk-git\hotspot\src\share\vm\prims\jni.cpp, line 1615]
Event: 31.906 Thread 0x000000001a8e8800 Exception <a 'java/lang/ClassNotFoundException': org/jetbrains/plugins/gradle/tooling/util/SourceSetCachedFinder$1BeanInfo> (0x00000000d86d4b38) thrown at [C:\src\AOSP-openjdk-git\hotspot\src\share\vm\classfile\systemDictionary.cpp, line 210]
Event: 31.907 Thread 0x000000001a8e8800 Exception <a 'java/lang/ClassNotFoundException': org/jetbrains/plugins/gradle/tooling/util/SourceSetCachedFinder$1Customizer> (0x00000000d86ea0b0) thrown at [C:\src\AOSP-openjdk-git\hotspot\src\share\vm\classfile\systemDictionary.cpp, line 210]
Event: 31.911 Thread 0x000000001a8e8800 Exception <a 'java/lang/ClassNotFoundException': org/jetbrains/plugins/gradle/tooling/util/SourceSetCachedFinder$2BeanInfo> (0x00000000d87356d8) thrown at [C:\src\AOSP-openjdk-git\hotspot\src\share\vm\classfile\systemDictionary.cpp, line 210]
Event: 31.911 Thread 0x000000001a8e8800 Exception <a 'java/lang/ClassNotFoundException': org/jetbrains/plugins/gradle/tooling/util/SourceSetCachedFinder$2Customizer> (0x00000000d874ac50) thrown at [C:\src\AOSP-openjdk-git\hotspot\src\share\vm\classfile\systemDictionary.cpp, line 210]
Event: 31.914 Thread 0x000000001a8e8800 Exception <a 'java/lang/ClassNotFoundException': org/jetbrains/plugins/gradle/tooling/util/SourceSetCachedFinderBeanInfo> (0x00000000d878e858) thrown at [C:\src\AOSP-openjdk-git\hotspot\src\share\vm\classfile\systemDictionary.cpp, line 210]
Event: 31.914 Thread 0x000000001a8e8800 Exception <a 'java/lang/ClassNotFoundException': org/jetbrains/plugins/gradle/tooling/util/SourceSetCachedFinderCustomizer> (0x00000000d87a3350) thrown at [C:\src\AOSP-openjdk-git\hotspot\src\share\vm\classfile\systemDictionary.cpp, line 210]

Events (10 events):
Event: 32.004 loading class org/gradle/api/internal/artifacts/ivyservice/modulecache/artifacts/DefaultModuleArtifactsCache$ModuleArtifactsKeySerializer
Event: 32.004 loading class org/gradle/api/internal/artifacts/ivyservice/modulecache/artifacts/DefaultModuleArtifactsCache$ModuleArtifactsKeySerializer done
Event: 32.005 loading class org/gradle/api/internal/artifacts/ivyservice/modulecache/artifacts/DefaultModuleArtifactsCache$ModuleArtifactsCacheEntrySerializer
Event: 32.005 loading class org/gradle/api/internal/artifacts/ivyservice/modulecache/artifacts/DefaultModuleArtifactsCache$ModuleArtifactsCacheEntrySerializer done
Event: 32.006 loading class org/gradle/api/internal/artifacts/metadata/ComponentArtifactMetadataSerializer
Event: 32.006 loading class org/gradle/api/internal/artifacts/metadata/ComponentArtifactMetadataSerializer done
Event: 32.014 loading class org/gradle/api/internal/artifacts/ivyservice/modulecache/artifacts/AbstractArtifactsCache$ModuleArtifactsCacheEntry
Event: 32.014 loading class org/gradle/api/internal/artifacts/ivyservice/modulecache/artifacts/AbstractArtifactsCache$ModuleArtifactsCacheEntry done
Event: 32.015 loading class org/gradle/api/internal/artifacts/ivyservice/modulecache/artifacts/DefaultCachedArtifacts
Event: 32.015 loading class org/gradle/api/internal/artifacts/ivyservice/modulecache/artifacts/DefaultCachedArtifacts done


Dynamic libraries:
0x00007ff69e050000 - 0x00007ff69e081000 	C:\Program Files\Android\Android Studio\jre\bin\java.exe
0x00007fff1b560000 - 0x00007fff1b750000 	C:\WINDOWS\SYSTEM32\ntdll.dll
0x00007fff1a850000 - 0x00007fff1a902000 	C:\WINDOWS\System32\KERNEL32.DLL
0x00007fff19010000 - 0x00007fff192b5000 	C:\WINDOWS\System32\KERNELBASE.dll
0x00007fff1aee0000 - 0x00007fff1af83000 	C:\WINDOWS\System32\ADVAPI32.dll
0x00007fff1a2d0000 - 0x00007fff1a36e000 	C:\WINDOWS\System32\msvcrt.dll
0x00007fff19fb0000 - 0x00007fff1a047000 	C:\WINDOWS\System32\sechost.dll
0x00007fff1a380000 - 0x00007fff1a4a0000 	C:\WINDOWS\System32\RPCRT4.dll
0x00007fff1a510000 - 0x00007fff1a6a5000 	C:\WINDOWS\System32\USER32.dll
0x00007fff19410000 - 0x00007fff19431000 	C:\WINDOWS\System32\win32u.dll
0x00007fff1a710000 - 0x00007fff1a736000 	C:\WINDOWS\System32\GDI32.dll
0x00007fff18510000 - 0x00007fff186a6000 	C:\WINDOWS\System32\gdi32full.dll
0x00007fff186b0000 - 0x00007fff1874e000 	C:\WINDOWS\System32\msvcp_win.dll
0x00007fff19440000 - 0x00007fff1953a000 	C:\WINDOWS\System32\ucrtbase.dll
0x00007fff06db0000 - 0x00007fff07034000 	C:\WINDOWS\WinSxS\amd64_microsoft.windows.common-controls_6595b64144ccf1df_6.0.18362.1082_none_9e8193e1e45b25c1\COMCTL32.dll
0x00007fff1aba0000 - 0x00007fff1aed5000 	C:\WINDOWS\System32\combase.dll
0x00007fff19540000 - 0x00007fff195c0000 	C:\WINDOWS\System32\bcryptPrimitives.dll
0x00007fff1ab70000 - 0x00007fff1ab9e000 	C:\WINDOWS\System32\IMM32.DLL
0x000000006f310000 - 0x000000006f3e2000 	C:\Program Files\Android\Android Studio\jre\jre\bin\msvcr100.dll
0x000000006f3f0000 - 0x000000006fc3b000 	C:\Program Files\Android\Android Studio\jre\jre\bin\server\jvm.dll
0x00007fff1a370000 - 0x00007fff1a378000 	C:\WINDOWS\System32\PSAPI.DLL
0x00007fff14900000 - 0x00007fff14909000 	C:\WINDOWS\SYSTEM32\WSOCK32.dll
0x00007fff1b4b0000 - 0x00007fff1b51f000 	C:\WINDOWS\System32\WS2_32.dll
0x00007fff15ff0000 - 0x00007fff16014000 	C:\WINDOWS\SYSTEM32\WINMM.dll
0x00007fff0af20000 - 0x00007fff0af2a000 	C:\WINDOWS\SYSTEM32\VERSION.dll
0x00007fff15fc0000 - 0x00007fff15fed000 	C:\WINDOWS\SYSTEM32\WINMMBASE.dll
0x00007fff195c0000 - 0x00007fff1960a000 	C:\WINDOWS\System32\cfgmgr32.dll
0x00007fff140c0000 - 0x00007fff140cf000 	C:\Program Files\Android\Android Studio\jre\jre\bin\verify.dll
0x00007fff11630000 - 0x00007fff11659000 	C:\Program Files\Android\Android Studio\jre\jre\bin\java.dll
0x00007fff11e40000 - 0x00007fff11e56000 	C:\Program Files\Android\Android Studio\jre\jre\bin\zip.dll
0x00007fff196e0000 - 0x00007fff19dc7000 	C:\WINDOWS\System32\SHELL32.dll
0x00007fff1af90000 - 0x00007fff1b039000 	C:\WINDOWS\System32\shcore.dll
0x00007fff18780000 - 0x00007fff18f00000 	C:\WINDOWS\System32\windows.storage.dll
0x00007fff18480000 - 0x00007fff184a3000 	C:\WINDOWS\System32\profapi.dll
0x00007fff18430000 - 0x00007fff1847a000 	C:\WINDOWS\System32\powrprof.dll
0x00007fff18420000 - 0x00007fff18430000 	C:\WINDOWS\System32\UMPDC.dll
0x00007fff1a920000 - 0x00007fff1a972000 	C:\WINDOWS\System32\shlwapi.dll
0x00007fff184d0000 - 0x00007fff184e1000 	C:\WINDOWS\System32\kernel.appcore.dll
0x00007fff184f0000 - 0x00007fff18507000 	C:\WINDOWS\System32\cryptsp.dll
0x00007fff11560000 - 0x00007fff1157a000 	C:\Program Files\Android\Android Studio\jre\jre\bin\net.dll
0x00007fff17c10000 - 0x00007fff17c77000 	C:\WINDOWS\system32\mswsock.dll
0x00007fff0ae80000 - 0x00007fff0ae93000 	C:\Program Files\Android\Android Studio\jre\jre\bin\nio.dll
0x00007fff09d80000 - 0x00007fff09da6000 	C:\Users\rkdal\AndroidStudioProjects\test2\gradle\wrapper\native\31\windows-amd64\native-platform.dll
0x00007fff123b0000 - 0x00007fff123bd000 	C:\Program Files\Android\Android Studio\jre\jre\bin\management.dll
0x00007fff17780000 - 0x00007fff177b3000 	C:\WINDOWS\system32\rsaenh.dll
0x00007fff18750000 - 0x00007fff18776000 	C:\WINDOWS\System32\bcrypt.dll
0x00007fff18340000 - 0x00007fff18365000 	C:\WINDOWS\SYSTEM32\USERENV.dll
0x00007fff17de0000 - 0x00007fff17dec000 	C:\WINDOWS\SYSTEM32\CRYPTBASE.dll
0x00007fff17920000 - 0x00007fff1795a000 	C:\WINDOWS\SYSTEM32\IPHLPAPI.DLL
0x00007fff1ab60000 - 0x00007fff1ab68000 	C:\WINDOWS\System32\NSI.dll
0x00007fff0d4a0000 - 0x00007fff0d4b6000 	C:\WINDOWS\SYSTEM32\dhcpcsvc6.DLL
0x00007fff0d250000 - 0x00007fff0d26c000 	C:\WINDOWS\SYSTEM32\dhcpcsvc.DLL
0x00007fff17960000 - 0x00007fff17a2b000 	C:\WINDOWS\SYSTEM32\DNSAPI.dll

VM Arguments:
jvm_args: -Xmx2048m -Dfile.encoding=x-windows-949 -Duser.country=KR -Duser.language=ko -Duser.variant 
java_command: org.gradle.launcher.daemon.bootstrap.GradleDaemon 6.1.1
java_class_path (initial): C:\Users\rkdal\AndroidStudioProjects\test2\gradle\wrapper\wrapper\dists\gradle-6.1.1-all\cfmwm155h49vnt3hynmlrsdst\gradle-6.1.1\lib\gradle-launcher-6.1.1.jar
Launcher Type: SUN_STANDARD

Environment Variables:
JAVA_HOME=C:\Program Files\Java\jdk-12.0.2
CLASSPATH=C:\Java\Java\lib\tools.jar;
PATH=C:\Program Files (x86)\Common Files\Oracle\Java\javapath;C:\Program Files\Java\jdk-12.0.2\bin;C:\Program Files (x86)\NAT Service;C:\Program Files (x86)\Intel\iCLS Client\;C:\Program Files\Intel\iCLS Client\;C:\WINDOWS\system32;C:\WINDOWS;C:\WINDOWS\System32\Wbem;C:\WINDOWS\System32\WindowsPowerShell\v1.0\;C:\Program Files (x86)\Intel\Intel(R) Management Engine Components\DAL;C:\Program Files\Intel\Intel(R) Management Engine Components\DAL;C:\Program Files (x86)\Intel\Intel(R) Management Engine Components\IPT;C:\Program Files\Intel\Intel(R) Management Engine Components\IPT;C:\Program Files\Microsoft SQL Server\130\Tools\Binn\;C:\Program Files\Microsoft SQL Server\120\Tools\Binn\;C:\WINDOWS\System32\OpenSSH\;C:\Program Files (x86)\PuTTY\;C:\Program Files\MySQL\MySQL Server 8.0\bin;C:\Program Files\Git\cmd;C:\Users\rkdal\PycharmProjects\codeit\venv\Scripts;C:\Users\rkdal\PycharmProjects\codeit;C:\apache-tomcat-9.0.27-windows-x64\apache-tomcat-9.0.27\bin;C:\Program Files\Java\javafx-sdk-11.0.2\lib;C:\Program Files\Java\jdk1.8.0_231\bin;C:\Program Files\MySQL\MySQL Utilities 1.6\;C:\Program Files\nodejs\;C:\Program Files\MongoDB\Server\4.2\bin;C:\Program Files\MySQL\MySQL Shell 8.0\bin\;C:\Users\rkdal\AppData\Local\atom\bin;C:\apache-tomcat-9.0.27-windows-x64\apache-tomcat-9.0.27\bin;C:\Program Files\Java\jdk-12.0.2\bin;C:\Program Files\MySQL\MySQL Server 8.0\bin;C:\Users\rkdal\AppData\Local\Programs\Microsoft VS Code\bin;C:\Users\rkdal\AppData\Local\GitHubDesktop\bin;C:\Users\rkdal\AppData\Roaming\npm
USERNAME=rkdal
OS=Windows_NT
PROCESSOR_IDENTIFIER=Intel64 Family 6 Model 78 Stepping 3, GenuineIntel



---------------  S Y S T E M  ---------------

OS: Windows 10.0 , 64 bit Build 18362 (10.0.18362.1082)

CPU:total 4 (initial active 4) (2 cores per cpu, 2 threads per core) family 6 model 78 stepping 3, cmov, cx8, fxsr, mmx, sse, sse2, sse3, ssse3, sse4.1, sse4.2, popcnt, avx, avx2, aes, clmul, erms, 3dnowpref, lzcnt, ht, tsc, tscinvbit, bmi1, bmi2, adx

Memory: 4k page, physical 8249000k(1289028k free), swap 33414824k(3144k free)

vm_info: OpenJDK 64-Bit Server VM (25.242-b01) for windows-amd64 JRE (1.8.0_242-release-1644-b01), built by "builder" with MS VC++ 10.0 (VS2010)

time: Fri Oct 23 01:51:36 2020
timezone: 대한민국 표준시
elapsed time: 32 seconds (0d 0h 0m 32s)

